<?xml version="1.0" encoding="UTF-8"?>
<testsuite xmlns:xsi="http://www.w3.org/2001/XMLSchema-instance" xsi:noNamespaceSchemaLocation="https://maven.apache.org/surefire/maven-surefire-plugin/xsd/surefire-test-report.xsd" name="inf226.inchat.InchatTest" time="0.791" tests="1" errors="0" skipped="0" failures="0">
  <properties>
    <property name="java.specification.version" value="13"/>
    <property name="sun.cpu.isalist" value="amd64"/>
    <property name="sun.jnu.encoding" value="Cp1252"/>
    <property name="java.class.path" value="C:\Users\Kasper\OneDrive - University of Bergen\Documents\UIB_Projects\Sem5\INF226\Mnadatory3\inf226-2021-inchat\target\test-classes;C:\Users\Kasper\OneDrive - University of Bergen\Documents\UIB_Projects\Sem5\INF226\Mnadatory3\inf226-2021-inchat\target\classes;C:\Users\Kasper\.m2\repository\org\eclipse\jetty\jetty-server\9.4.9.v20180320\jetty-server-9.4.9.v20180320.jar;C:\Users\Kasper\.m2\repository\javax\servlet\javax.servlet-api\3.1.0\javax.servlet-api-3.1.0.jar;C:\Users\Kasper\.m2\repository\org\eclipse\jetty\jetty-http\9.4.9.v20180320\jetty-http-9.4.9.v20180320.jar;C:\Users\Kasper\.m2\repository\org\eclipse\jetty\jetty-util\9.4.9.v20180320\jetty-util-9.4.9.v20180320.jar;C:\Users\Kasper\.m2\repository\org\eclipse\jetty\jetty-io\9.4.9.v20180320\jetty-io-9.4.9.v20180320.jar;C:\Users\Kasper\.m2\repository\org\junit\jupiter\junit-jupiter-api\5.4.2\junit-jupiter-api-5.4.2.jar;C:\Users\Kasper\.m2\repository\org\apiguardian\apiguardian-api\1.0.0\apiguardian-api-1.0.0.jar;C:\Users\Kasper\.m2\repository\org\opentest4j\opentest4j\1.1.1\opentest4j-1.1.1.jar;C:\Users\Kasper\.m2\repository\org\junit\platform\junit-platform-commons\1.4.2\junit-platform-commons-1.4.2.jar;C:\Users\Kasper\.m2\repository\org\junit\jupiter\junit-jupiter-engine\5.4.2\junit-jupiter-engine-5.4.2.jar;C:\Users\Kasper\.m2\repository\org\junit\platform\junit-platform-engine\1.4.2\junit-platform-engine-1.4.2.jar;C:\Users\Kasper\.m2\repository\org\xerial\sqlite-jdbc\3.28.0\sqlite-jdbc-3.28.0.jar;C:\Users\Kasper\.m2\repository\com\lambdaworks\scrypt\1.4.0\scrypt-1.4.0.jar;"/>
    <property name="java.vm.vendor" value="Oracle Corporation"/>
    <property name="sun.arch.data.model" value="64"/>
    <property name="user.variant" value=""/>
    <property name="java.vendor.url" value="https://java.oracle.com/"/>
    <property name="user.timezone" value="Europe/Oslo"/>
    <property name="os.name" value="Windows 10"/>
    <property name="java.vm.specification.version" value="13"/>
    <property name="sun.java.launcher" value="SUN_STANDARD"/>
    <property name="user.country" value="NO"/>
    <property name="sun.boot.library.path" value="C:\Program Files\Java\jdk-13.0.1\bin"/>
    <property name="sun.java.command" value="C:\Users\Kasper\AppData\Local\Temp\surefire4329683609090505872\surefirebooter3879319667003060423.jar C:\Users\Kasper\AppData\Local\Temp\surefire4329683609090505872 2021-10-26T16-57-33_914-jvmRun1 surefire14116366961013801669tmp surefire_013083705159004877899tmp"/>
    <property name="jdk.debug" value="release"/>
    <property name="surefire.test.class.path" value="C:\Users\Kasper\OneDrive - University of Bergen\Documents\UIB_Projects\Sem5\INF226\Mnadatory3\inf226-2021-inchat\target\test-classes;C:\Users\Kasper\OneDrive - University of Bergen\Documents\UIB_Projects\Sem5\INF226\Mnadatory3\inf226-2021-inchat\target\classes;C:\Users\Kasper\.m2\repository\org\eclipse\jetty\jetty-server\9.4.9.v20180320\jetty-server-9.4.9.v20180320.jar;C:\Users\Kasper\.m2\repository\javax\servlet\javax.servlet-api\3.1.0\javax.servlet-api-3.1.0.jar;C:\Users\Kasper\.m2\repository\org\eclipse\jetty\jetty-http\9.4.9.v20180320\jetty-http-9.4.9.v20180320.jar;C:\Users\Kasper\.m2\repository\org\eclipse\jetty\jetty-util\9.4.9.v20180320\jetty-util-9.4.9.v20180320.jar;C:\Users\Kasper\.m2\repository\org\eclipse\jetty\jetty-io\9.4.9.v20180320\jetty-io-9.4.9.v20180320.jar;C:\Users\Kasper\.m2\repository\org\junit\jupiter\junit-jupiter-api\5.4.2\junit-jupiter-api-5.4.2.jar;C:\Users\Kasper\.m2\repository\org\apiguardian\apiguardian-api\1.0.0\apiguardian-api-1.0.0.jar;C:\Users\Kasper\.m2\repository\org\opentest4j\opentest4j\1.1.1\opentest4j-1.1.1.jar;C:\Users\Kasper\.m2\repository\org\junit\platform\junit-platform-commons\1.4.2\junit-platform-commons-1.4.2.jar;C:\Users\Kasper\.m2\repository\org\junit\jupiter\junit-jupiter-engine\5.4.2\junit-jupiter-engine-5.4.2.jar;C:\Users\Kasper\.m2\repository\org\junit\platform\junit-platform-engine\1.4.2\junit-platform-engine-1.4.2.jar;C:\Users\Kasper\.m2\repository\org\xerial\sqlite-jdbc\3.28.0\sqlite-jdbc-3.28.0.jar;C:\Users\Kasper\.m2\repository\com\lambdaworks\scrypt\1.4.0\scrypt-1.4.0.jar;"/>
    <property name="sun.cpu.endian" value="little"/>
    <property name="user.home" value="C:\Users\Kasper"/>
    <property name="user.language" value="no"/>
    <property name="java.specification.vendor" value="Oracle Corporation"/>
    <property name="java.version.date" value="2019-10-15"/>
    <property name="java.home" value="C:\Program Files\Java\jdk-13.0.1"/>
    <property name="file.separator" value="\"/>
    <property name="basedir" value="C:\Users\Kasper\OneDrive - University of Bergen\Documents\UIB_Projects\Sem5\INF226\Mnadatory3\inf226-2021-inchat"/>
    <property name="java.vm.compressedOopsMode" value="32-bit"/>
    <property name="line.separator" value="&#10;"/>
    <property name="java.vm.specification.vendor" value="Oracle Corporation"/>
    <property name="java.specification.name" value="Java Platform API Specification"/>
    <property name="surefire.real.class.path" value="C:\Users\Kasper\AppData\Local\Temp\surefire4329683609090505872\surefirebooter3879319667003060423.jar"/>
    <property name="user.script" value=""/>
    <property name="sun.management.compiler" value="HotSpot 64-Bit Tiered Compilers"/>
    <property name="java.runtime.version" value="13.0.1+9"/>
    <property name="user.name" value="Kasper"/>
    <property name="path.separator" value=";"/>
    <property name="os.version" value="10.0"/>
    <property name="java.runtime.name" value="Java(TM) SE Runtime Environment"/>
    <property name="file.encoding" value="Cp1252"/>
    <property name="java.vm.name" value="Java HotSpot(TM) 64-Bit Server VM"/>
    <property name="localRepository" value="C:\Users\Kasper\.m2\repository"/>
    <property name="java.vendor.url.bug" value="https://bugreport.java.com/bugreport/"/>
    <property name="java.io.tmpdir" value="C:\Users\Kasper\AppData\Local\Temp\"/>
    <property name="java.version" value="13.0.1"/>
    <property name="user.dir" value="C:\Users\Kasper\OneDrive - University of Bergen\Documents\UIB_Projects\Sem5\INF226\Mnadatory3\inf226-2021-inchat"/>
    <property name="os.arch" value="amd64"/>
    <property name="java.vm.specification.name" value="Java Virtual Machine Specification"/>
    <property name="sun.os.patch.level" value=""/>
    <property name="java.library.path" value="C:\Program Files\Java\jdk-13.0.1\bin;C:\WINDOWS\Sun\Java\bin;C:\WINDOWS\system32;C:\WINDOWS;C:\WINDOWS\system32;C:\WINDOWS;C:\WINDOWS\System32\Wbem;C:\WINDOWS\System32\WindowsPowerShell\v1.0\;C:\WINDOWS\System32\OpenSSH\;C:\Program Files (x86)\Windows Live\Shared;C:\Program Files\Java\jdk-13.0.1\bin;C:\Program Files\Git\bin\;C:\Program Files\Git\cmd\;C:\ProgramData\chocolatey\bin;C:\Users\Kasper\Downloads\apache-maven-3.8.2-bin\apache-maven-3.8.2\bin;C:\Program Files\Java\jdk-13.0.1\bin;C:\Program Files\Docker\Docker\resources\bin;C:\ProgramData\DockerDesktop\version-bin;C:\Program Files\nodejs\;C:\ProgramData\Microsoft\Windows\Start Menu\Programs\Node.js;C:\Users\Kasper\AppData\Local\Programs\Python\Python39\Scripts\;C:\Users\Kasper\AppData\Local\Programs\Python\Python39\;C:\Users\Kasper\AppData\Local\Programs\Python\Python38-32\Scripts\;C:\Users\Kasper\AppData\Local\Programs\Python\Python38-32\;C:\Users\Kasper\AppData\Local\Microsoft\WindowsApps;C:\Users\Kasper\AppData\Local\GitHubDesktop\bin;C:\Users\Kasper\AppData\Local\Microsoft\WindowsApps;C:\Users\Kasper\AppData\Local\Programs\Microsoft VS Code\bin;C:\Users\Kasper\AppData\Roaming\cabal\bin;C:\ProgramData\chocolatey\lib\ghc\tools\ghc-8.10.2\bin;C:\tools\msys64;C:\Users\Kasper\AppData\Roaming\npm;C:\ProgramData\Microsoft\Windows\Start Menu\Programs\Node.js;;."/>
    <property name="java.vm.info" value="mixed mode, sharing"/>
    <property name="java.vendor" value="Oracle Corporation"/>
    <property name="java.vm.version" value="13.0.1+9"/>
    <property name="sun.io.unicode.encoding" value="UnicodeLittle"/>
    <property name="java.class.version" value="57.0"/>
  </properties>
  <testcase name="chatSetup" classname="inf226.inchat.InchatTest" time="0.785"/>
</testsuite>